[HPO] Loading dataset...
[sequence_features] Building 20 features for 63770 users...
[sequence_features] Loaded: twd=195601, crypto=239958, swap=53841, trade=217634
[sequence_features] Done: 20 features, 727787 non-zero values, 13.9s
[_load_dataset] Sequence features: 20 cols added
[_load_dataset] Temporal features skipped: temporal disabled
[_load_dataset] Community features skipped: community disabled
[HPO] Pre-computing fixed models per fold...
  fold 0 cached
  fold 1 cached
  fold 2 cached
  fold 3 cached
  fold 4 cached
[HPO] Starting Optuna...
[I 2026-03-22 16:13:09,808] A new study created in memory with name: xgb_hpo
  0%|          | 0/60 [00:00<?, ?it/s]/home/user/bitoguard-hackathon/bitoguard_core/official/stacking.py:222: RuntimeWarning: invalid value encountered in divide
  f1 = np.where(denom_f > 0, 2.0 * prec * rec / denom_f, 0.0)
/home/user/bitoguard-hackathon/bitoguard_core/official/stacking.py:219: RuntimeWarning: invalid value encountered in divide
  prec = np.where(denom_p > 0, tp / denom_p, 0.0)
                                      [I 2026-03-22 16:13:57,969] Trial 0 finished with value: 0.4269905533063427 and parameters: {'n_estimators': 1400, 'max_depth': 8, 'learning_rate': 0.08988575384577939, 'subsample': 0.6380539777647815, 'colsample_bytree': 0.9811392707277367, 'reg_alpha': 0.04454747659544412, 'reg_lambda': 17.384026968501214, 'min_child_weight': 2.4396911121414093}. Best is trial 0 with value: 0.4269905533063427.
  0%|          | 0/60 [00:48<?, ?it/s]Best trial: 0. Best value: 0.426991:   0%|          | 0/60 [00:48<?, ?it/s]Best trial: 0. Best value: 0.426991:   2%|▏         | 1/60 [00:48<47:21, 48.16s/it]/home/user/bitoguard-hackathon/bitoguard_core/official/stacking.py:222: RuntimeWarning: invalid value encountered in divide
  f1 = np.where(denom_f > 0, 2.0 * prec * rec / denom_f, 0.0)
/home/user/bitoguard-hackathon/bitoguard_core/official/stacking.py:219: RuntimeWarning: invalid value encountered in divide
  prec = np.where(denom_p > 0, tp / denom_p, 0.0)
                                                                                   [I 2026-03-22 16:14:51,767] Trial 1 finished with value: 0.42706457422176486 and parameters: {'n_estimators': 2300, 'max_depth': 8, 'learning_rate': 0.08055640910893806, 'subsample': 0.8153494077280855, 'colsample_bytree': 0.5093493751808709, 'reg_alpha': 7.836662201490298, 'reg_lambda': 6.282263103984883, 'min_child_weight': 6.8321413648401705}. Best is trial 1 with value: 0.42706457422176486.
Best trial: 0. Best value: 0.426991:   2%|▏         | 1/60 [01:41<47:21, 48.16s/it]Best trial: 1. Best value: 0.427065:   2%|▏         | 1/60 [01:41<47:21, 48.16s/it]Best trial: 1. Best value: 0.427065:   3%|▎         | 2/60 [01:41<49:45, 51.48s/it]/home/user/bitoguard-hackathon/bitoguard_core/official/stacking.py:222: RuntimeWarning: invalid value encountered in divide
  f1 = np.where(denom_f > 0, 2.0 * prec * rec / denom_f, 0.0)
/home/user/bitoguard-hackathon/bitoguard_core/official/stacking.py:219: RuntimeWarning: invalid value encountered in divide
  prec = np.where(denom_p > 0, tp / denom_p, 0.0)
                                                                                   [I 2026-03-22 16:15:38,425] Trial 2 finished with value: 0.4290770487340049 and parameters: {'n_estimators': 1000, 'max_depth': 7, 'learning_rate': 0.1292698907573704, 'subsample': 0.6400119415098369, 'colsample_bytree': 0.673413593691595, 'reg_alpha': 4.570738360391464, 'reg_lambda': 15.768316008419152, 'min_child_weight': 5.658541311257533}. Best is trial 2 with value: 0.4290770487340049.
Best trial: 1. Best value: 0.427065:   3%|▎         | 2/60 [02:28<49:45, 51.48s/it]Best trial: 2. Best value: 0.429077:   3%|▎         | 2/60 [02:28<49:45, 51.48s/it]Best trial: 2. Best value: 0.429077:   5%|▌         | 3/60 [02:28<46:48, 49.28s/it]/home/user/bitoguard-hackathon/bitoguard_core/official/stacking.py:222: RuntimeWarning: invalid value encountered in divide
  f1 = np.where(denom_f > 0, 2.0 * prec * rec / denom_f, 0.0)
/home/user/bitoguard-hackathon/bitoguard_core/official/stacking.py:219: RuntimeWarning: invalid value encountered in divide
  prec = np.where(denom_p > 0, tp / denom_p, 0.0)
                                                                                   [I 2026-03-22 16:16:27,222] Trial 3 finished with value: 0.4266318537859008 and parameters: {'n_estimators': 1800, 'max_depth': 9, 'learning_rate': 0.06273840744508455, 'subsample': 0.7473778704324331, 'colsample_bytree': 0.8807028043984302, 'reg_alpha': 0.7366271316608047, 'reg_lambda': 4.0527419902493484, 'min_child_weight': 5.004104330904565}. Best is trial 2 with value: 0.4290770487340049.
Best trial: 2. Best value: 0.429077:   5%|▌         | 3/60 [03:17<46:48, 49.28s/it]Best trial: 2. Best value: 0.429077:   5%|▌         | 3/60 [03:17<46:48, 49.28s/it]Best trial: 2. Best value: 0.429077:   7%|▋         | 4/60 [03:17<45:48, 49.09s/it]/home/user/bitoguard-hackathon/bitoguard_core/official/stacking.py:222: RuntimeWarning: invalid value encountered in divide
  f1 = np.where(denom_f > 0, 2.0 * prec * rec / denom_f, 0.0)
/home/user/bitoguard-hackathon/bitoguard_core/official/stacking.py:219: RuntimeWarning: invalid value encountered in divide
  prec = np.where(denom_p > 0, tp / denom_p, 0.0)
                                                                                   [I 2026-03-22 16:17:30,403] Trial 4 finished with value: 0.4247929468340903 and parameters: {'n_estimators': 1500, 'max_depth': 9, 'learning_rate': 0.04096718708014391, 'subsample': 0.9969453455387505, 'colsample_bytree': 0.9208031649392505, 'reg_alpha': 6.158237737315052, 'reg_lambda': 5.491953909671526, 'min_child_weight': 2.883196957061263}. Best is trial 2 with value: 0.4290770487340049.
Best trial: 2. Best value: 0.429077:   7%|▋         | 4/60 [04:20<45:48, 49.09s/it]Best trial: 2. Best value: 0.429077:   7%|▋         | 4/60 [04:20<45:48, 49.09s/it]Best trial: 2. Best value: 0.429077:   8%|▊         | 5/60 [04:20<49:39, 54.17s/it]/home/user/bitoguard-hackathon/bitoguard_core/official/stacking.py:222: RuntimeWarning: invalid value encountered in divide
  f1 = np.where(denom_f > 0, 2.0 * prec * rec / denom_f, 0.0)
/home/user/bitoguard-hackathon/bitoguard_core/official/stacking.py:219: RuntimeWarning: invalid value encountered in divide
  prec = np.where(denom_p > 0, tp / denom_p, 0.0)
                                                                                   [I 2026-03-22 16:18:15,042] Trial 5 finished with value: 0.43024494142705005 and parameters: {'n_estimators': 1000, 'max_depth': 7, 'learning_rate': 0.13689000304442334, 'subsample': 0.778549089247466, 'colsample_bytree': 0.8488241546577608, 'reg_alpha': 0.24478029308283106, 'reg_lambda': 12.959058598598046, 'min_child_weight': 14.99808362667884}. Best is trial 5 with value: 0.43024494142705005.
Best trial: 2. Best value: 0.429077:   8%|▊         | 5/60 [05:05<49:39, 54.17s/it]Best trial: 5. Best value: 0.430245:   8%|▊         | 5/60 [05:05<49:39, 54.17s/it]Best trial: 5. Best value: 0.430245:  10%|█         | 6/60 [05:05<45:50, 50.93s/it]/home/user/bitoguard-hackathon/bitoguard_core/official/stacking.py:222: RuntimeWarning: invalid value encountered in divide
  f1 = np.where(denom_f > 0, 2.0 * prec * rec / denom_f, 0.0)
/home/user/bitoguard-hackathon/bitoguard_core/official/stacking.py:219: RuntimeWarning: invalid value encountered in divide
  prec = np.where(denom_p > 0, tp / denom_p, 0.0)
                                                                                   [I 2026-03-22 16:19:05,543] Trial 6 finished with value: 0.4312466559657571 and parameters: {'n_estimators': 2400, 'max_depth': 6, 'learning_rate': 0.11158774849187607, 'subsample': 0.9440097561275888, 'colsample_bytree': 0.934476960210497, 'reg_alpha': 0.795547056116178, 'reg_lambda': 19.905618539479146, 'min_child_weight': 13.722913892033572}. Best is trial 6 with value: 0.4312466559657571.
Best trial: 5. Best value: 0.430245:  10%|█         | 6/60 [05:55<45:50, 50.93s/it]Best trial: 6. Best value: 0.431247:  10%|█         | 6/60 [05:55<45:50, 50.93s/it]Best trial: 6. Best value: 0.431247:  12%|█▏        | 7/60 [05:55<44:51, 50.79s/it]/home/user/bitoguard-hackathon/bitoguard_core/official/stacking.py:222: RuntimeWarning: invalid value encountered in divide
  f1 = np.where(denom_f > 0, 2.0 * prec * rec / denom_f, 0.0)
/home/user/bitoguard-hackathon/bitoguard_core/official/stacking.py:219: RuntimeWarning: invalid value encountered in divide
  prec = np.where(denom_p > 0, tp / denom_p, 0.0)
                                                                                   [I 2026-03-22 16:20:42,702] Trial 7 finished with value: 0.4239130434782608 and parameters: {'n_estimators': 900, 'max_depth': 9, 'learning_rate': 0.05217056542353445, 'subsample': 0.9681726427859819, 'colsample_bytree': 0.5609139397269345, 'reg_alpha': 7.484047794735649, 'reg_lambda': 19.966911631692895, 'min_child_weight': 4.047474599449214}. Best is trial 6 with value: 0.4312466559657571.
Best trial: 6. Best value: 0.431247:  12%|█▏        | 7/60 [07:32<44:51, 50.79s/it]Best trial: 6. Best value: 0.431247:  12%|█▏        | 7/60 [07:32<44:51, 50.79s/it]Best trial: 6. Best value: 0.431247:  13%|█▎        | 8/60 [07:32<56:48, 65.55s/it]/home/user/bitoguard-hackathon/bitoguard_core/official/stacking.py:222: RuntimeWarning: invalid value encountered in divide
  f1 = np.where(denom_f > 0, 2.0 * prec * rec / denom_f, 0.0)
/home/user/bitoguard-hackathon/bitoguard_core/official/stacking.py:219: RuntimeWarning: invalid value encountered in divide
  prec = np.where(denom_p > 0, tp / denom_p, 0.0)
                                                                                   [I 2026-03-22 16:22:47,880] Trial 8 finished with value: 0.42454122158312785 and parameters: {'n_estimators': 1600, 'max_depth': 8, 'learning_rate': 0.017633379044120174, 'subsample': 0.9354472553354343, 'colsample_bytree': 0.5009993876514918, 'reg_alpha': 1.9328777646868083, 'reg_lambda': 8.562485883106588, 'min_child_weight': 6.909728347975776}. Best is trial 6 with value: 0.4312466559657571.
Best trial: 6. Best value: 0.431247:  13%|█▎        | 8/60 [09:38<56:48, 65.55s/it]Best trial: 6. Best value: 0.431247:  13%|█▎        | 8/60 [09:38<56:48, 65.55s/it]Best trial: 6. Best value: 0.431247:  15%|█▌        | 9/60 [09:38<1:11:33, 84.19s/it]/home/user/bitoguard-hackathon/bitoguard_core/official/stacking.py:222: RuntimeWarning: invalid value encountered in divide
  f1 = np.where(denom_f > 0, 2.0 * prec * rec / denom_f, 0.0)
/home/user/bitoguard-hackathon/bitoguard_core/official/stacking.py:219: RuntimeWarning: invalid value encountered in divide
  prec = np.where(denom_p > 0, tp / denom_p, 0.0)
                                                                                     [I 2026-03-22 16:24:52,193] Trial 9 finished with value: 0.42962962962962964 and parameters: {'n_estimators': 2300, 'max_depth': 6, 'learning_rate': 0.019918101926681028, 'subsample': 0.7874867560380083, 'colsample_bytree': 0.7192768435276005, 'reg_alpha': 0.14564920354711058, 'reg_lambda': 8.81398057328126, 'min_child_weight': 14.82965706930975}. Best is trial 6 with value: 0.4312466559657571.
Best trial: 6. Best value: 0.431247:  15%|█▌        | 9/60 [11:42<1:11:33, 84.19s/it]Best trial: 6. Best value: 0.431247:  15%|█▌        | 9/60 [11:42<1:11:33, 84.19s/it]Best trial: 6. Best value: 0.431247:  17%|█▋        | 10/60 [11:42<1:20:28, 96.58s/it]/home/user/bitoguard-hackathon/bitoguard_core/official/stacking.py:222: RuntimeWarning: invalid value encountered in divide
  f1 = np.where(denom_f > 0, 2.0 * prec * rec / denom_f, 0.0)
/home/user/bitoguard-hackathon/bitoguard_core/official/stacking.py:219: RuntimeWarning: invalid value encountered in divide
  prec = np.where(denom_p > 0, tp / denom_p, 0.0)
                                                                                      [I 2026-03-22 16:26:16,337] Trial 10 finished with value: 0.43114801030632693 and parameters: {'n_estimators': 2500, 'max_depth': 5, 'learning_rate': 0.02665161552340602, 'subsample': 0.9006106970663693, 'colsample_bytree': 0.8065578570228182, 'reg_alpha': 0.01018229402713511, 'reg_lambda': 12.678402624570523, 'min_child_weight': 11.20488881335795}. Best is trial 6 with value: 0.4312466559657571.
Best trial: 6. Best value: 0.431247:  17%|█▋        | 10/60 [13:06<1:20:28, 96.58s/it]Best trial: 6. Best value: 0.431247:  17%|█▋        | 10/60 [13:06<1:20:28, 96.58s/it]Best trial: 6. Best value: 0.431247:  18%|█▊        | 11/60 [13:06<1:15:45, 92.77s/it]/home/user/bitoguard-hackathon/bitoguard_core/official/stacking.py:222: RuntimeWarning: invalid value encountered in divide
  f1 = np.where(denom_f > 0, 2.0 * prec * rec / denom_f, 0.0)
/home/user/bitoguard-hackathon/bitoguard_core/official/stacking.py:219: RuntimeWarning: invalid value encountered in divide
  prec = np.where(denom_p > 0, tp / denom_p, 0.0)
                                                                                      [I 2026-03-22 16:28:20,735] Trial 11 finished with value: 0.4366812227074236 and parameters: {'n_estimators': 2500, 'max_depth': 5, 'learning_rate': 0.026376021125404332, 'subsample': 0.8894506726604341, 'colsample_bytree': 0.7930160778523176, 'reg_alpha': 0.01010816074612311, 'reg_lambda': 1.0513188749519564, 'min_child_weight': 11.131129902213667}. Best is trial 11 with value: 0.4366812227074236.
Best trial: 6. Best value: 0.431247:  18%|█▊        | 11/60 [15:10<1:15:45, 92.77s/it]Best trial: 11. Best value: 0.436681:  18%|█▊        | 11/60 [15:10<1:15:45, 92.77s/it]Best trial: 11. Best value: 0.436681:  20%|██        | 12/60 [15:10<1:21:54, 102.39s/it]/home/user/bitoguard-hackathon/bitoguard_core/official/stacking.py:222: RuntimeWarning: invalid value encountered in divide
  f1 = np.where(denom_f > 0, 2.0 * prec * rec / denom_f, 0.0)
/home/user/bitoguard-hackathon/bitoguard_core/official/stacking.py:219: RuntimeWarning: invalid value encountered in divide
  prec = np.where(denom_p > 0, tp / denom_p, 0.0)
                                                                                        [I 2026-03-22 16:29:21,153] Trial 12 finished with value: 0.42019791930981987 and parameters: {'n_estimators': 2000, 'max_depth': 5, 'learning_rate': 0.011601230887896562, 'subsample': 0.8922880315541937, 'colsample_bytree': 0.9860208583809851, 'reg_alpha': 0.8014174004656245, 'reg_lambda': 1.578113230159548, 'min_child_weight': 10.967059941088847}. Best is trial 11 with value: 0.4366812227074236.
Best trial: 11. Best value: 0.436681:  20%|██        | 12/60 [16:11<1:21:54, 102.39s/it]Best trial: 11. Best value: 0.436681:  20%|██        | 12/60 [16:11<1:21:54, 102.39s/it]Best trial: 11. Best value: 0.436681:  22%|██▏       | 13/60 [16:11<1:10:14, 89.68s/it] /home/user/bitoguard-hackathon/bitoguard_core/official/stacking.py:222: RuntimeWarning: invalid value encountered in divide
  f1 = np.where(denom_f > 0, 2.0 * prec * rec / denom_f, 0.0)
/home/user/bitoguard-hackathon/bitoguard_core/official/stacking.py:219: RuntimeWarning: invalid value encountered in divide
  prec = np.where(denom_p > 0, tp / denom_p, 0.0)
                                                                                       [I 2026-03-22 16:30:33,082] Trial 13 finished with value: 0.4390686422739643 and parameters: {'n_estimators': 2500, 'max_depth': 6, 'learning_rate': 0.02844464986080167, 'subsample': 0.8491934142755131, 'colsample_bytree': 0.7815702050039838, 'reg_alpha': 0.06350757233496612, 'reg_lambda': 1.5788177359073723, 'min_child_weight': 11.320335680153795}. Best is trial 13 with value: 0.4390686422739643.
Best trial: 11. Best value: 0.436681:  22%|██▏       | 13/60 [17:23<1:10:14, 89.68s/it]Best trial: 13. Best value: 0.439069:  22%|██▏       | 13/60 [17:23<1:10:14, 89.68s/it]Best trial: 13. Best value: 0.439069:  23%|██▎       | 14/60 [17:23<1:04:38, 84.32s/it]/home/user/bitoguard-hackathon/bitoguard_core/official/stacking.py:222: RuntimeWarning: invalid value encountered in divide
  f1 = np.where(denom_f > 0, 2.0 * prec * rec / denom_f, 0.0)
/home/user/bitoguard-hackathon/bitoguard_core/official/stacking.py:219: RuntimeWarning: invalid value encountered in divide
  prec = np.where(denom_p > 0, tp / denom_p, 0.0)
                                                                                       [I 2026-03-22 16:31:48,454] Trial 14 finished with value: 0.43576017130620986 and parameters: {'n_estimators': 2100, 'max_depth': 6, 'learning_rate': 0.027567626714702934, 'subsample': 0.8563186067549033, 'colsample_bytree': 0.7636807175733812, 'reg_alpha': 0.010576379548425753, 'reg_lambda': 1.1866183624682334, 'min_child_weight': 9.909649880654381}. Best is trial 13 with value: 0.4390686422739643.
Best trial: 13. Best value: 0.439069:  23%|██▎       | 14/60 [18:38<1:04:38, 84.32s/it]Best trial: 13. Best value: 0.439069:  23%|██▎       | 14/60 [18:38<1:04:38, 84.32s/it]Best trial: 13. Best value: 0.439069:  25%|██▌       | 15/60 [18:38<1:01:12, 81.62s/it]/home/user/bitoguard-hackathon/bitoguard_core/official/stacking.py:222: RuntimeWarning: invalid value encountered in divide
  f1 = np.where(denom_f > 0, 2.0 * prec * rec / denom_f, 0.0)
/home/user/bitoguard-hackathon/bitoguard_core/official/stacking.py:219: RuntimeWarning: invalid value encountered in divide
  prec = np.where(denom_p > 0, tp / denom_p, 0.0)
                                                                                       [I 2026-03-22 16:33:35,605] Trial 15 finished with value: 0.4341127922971114 and parameters: {'n_estimators': 2100, 'max_depth': 5, 'learning_rate': 0.031564559876013115, 'subsample': 0.712200063190925, 'colsample_bytree': 0.6384995360687424, 'reg_alpha': 0.03958656081935844, 'reg_lambda': 3.405003847540174, 'min_child_weight': 9.271597339437793}. Best is trial 13 with value: 0.4390686422739643.
Best trial: 13. Best value: 0.439069:  25%|██▌       | 15/60 [20:25<1:01:12, 81.62s/it]Best trial: 13. Best value: 0.439069:  25%|██▌       | 15/60 [20:25<1:01:12, 81.62s/it]Best trial: 13. Best value: 0.439069:  27%|██▋       | 16/60 [20:25<1:05:29, 89.31s/it]/home/user/bitoguard-hackathon/bitoguard_core/official/stacking.py:222: RuntimeWarning: invalid value encountered in divide
  f1 = np.where(denom_f > 0, 2.0 * prec * rec / denom_f, 0.0)
/home/user/bitoguard-hackathon/bitoguard_core/official/stacking.py:219: RuntimeWarning: invalid value encountered in divide
  prec = np.where(denom_p > 0, tp / denom_p, 0.0)
                                                                                       [I 2026-03-22 16:35:47,198] Trial 16 finished with value: 0.42849604221635884 and parameters: {'n_estimators': 2500, 'max_depth': 6, 'learning_rate': 0.016075870252173243, 'subsample': 0.8464237254287528, 'colsample_bytree': 0.7941289765904425, 'reg_alpha': 0.04983552028864091, 'reg_lambda': 6.859055240203308, 'min_child_weight': 12.573610042767582}. Best is trial 13 with value: 0.4390686422739643.
Best trial: 13. Best value: 0.439069:  27%|██▋       | 16/60 [22:37<1:05:29, 89.31s/it]Best trial: 13. Best value: 0.439069:  27%|██▋       | 16/60 [22:37<1:05:29, 89.31s/it]Best trial: 13. Best value: 0.439069:  28%|██▊       | 17/60 [22:37<1:13:06, 102.02s/it]/home/user/bitoguard-hackathon/bitoguard_core/official/stacking.py:222: RuntimeWarning: invalid value encountered in divide
  f1 = np.where(denom_f > 0, 2.0 * prec * rec / denom_f, 0.0)
/home/user/bitoguard-hackathon/bitoguard_core/official/stacking.py:219: RuntimeWarning: invalid value encountered in divide
  prec = np.where(denom_p > 0, tp / denom_p, 0.0)
                                                                                        [I 2026-03-22 16:36:53,012] Trial 17 finished with value: 0.43638332430969135 and parameters: {'n_estimators': 1900, 'max_depth': 5, 'learning_rate': 0.040328132252197585, 'subsample': 0.8822498131924044, 'colsample_bytree': 0.698400608432499, 'reg_alpha': 0.0228417579161591, 'reg_lambda': 2.951979509675333, 'min_child_weight': 8.67331889063599}. Best is trial 13 with value: 0.4390686422739643.
Best trial: 13. Best value: 0.439069:  28%|██▊       | 17/60 [23:43<1:13:06, 102.02s/it]Best trial: 13. Best value: 0.439069:  28%|██▊       | 17/60 [23:43<1:13:06, 102.02s/it]Best trial: 13. Best value: 0.439069:  30%|███       | 18/60 [23:43<1:03:47, 91.14s/it] /home/user/bitoguard-hackathon/bitoguard_core/official/stacking.py:222: RuntimeWarning: invalid value encountered in divide
  f1 = np.where(denom_f > 0, 2.0 * prec * rec / denom_f, 0.0)
/home/user/bitoguard-hackathon/bitoguard_core/official/stacking.py:219: RuntimeWarning: invalid value encountered in divide
  prec = np.where(denom_p > 0, tp / denom_p, 0.0)
                                                                                       [I 2026-03-22 16:37:47,678] Trial 18 finished with value: 0.4218311655190003 and parameters: {'n_estimators': 1300, 'max_depth': 6, 'learning_rate': 0.010371772255126605, 'subsample': 0.8303164432008554, 'colsample_bytree': 0.8369782875785887, 'reg_alpha': 0.09981434629827117, 'reg_lambda': 1.1079262899067996, 'min_child_weight': 12.116815334277112}. Best is trial 13 with value: 0.4390686422739643.
Best trial: 13. Best value: 0.439069:  30%|███       | 18/60 [24:37<1:03:47, 91.14s/it]Best trial: 13. Best value: 0.439069:  30%|███       | 18/60 [24:37<1:03:47, 91.14s/it]Best trial: 13. Best value: 0.439069:  32%|███▏      | 19/60 [24:37<54:47, 80.19s/it]  /home/user/bitoguard-hackathon/bitoguard_core/official/stacking.py:222: RuntimeWarning: invalid value encountered in divide
  f1 = np.where(denom_f > 0, 2.0 * prec * rec / denom_f, 0.0)
/home/user/bitoguard-hackathon/bitoguard_core/official/stacking.py:219: RuntimeWarning: invalid value encountered in divide
  prec = np.where(denom_p > 0, tp / denom_p, 0.0)
