                                                                                     [I 2026-03-22 16:38:47,863] Trial 19 finished with value: 0.42480790340285396 and parameters: {'n_estimators': 2200, 'max_depth': 5, 'learning_rate': 0.022581365639489922, 'subsample': 0.9140600393063354, 'colsample_bytree': 0.7469754300145517, 'reg_alpha': 0.021045264924552977, 'reg_lambda': 10.966617412554404, 'min_child_weight': 10.12353291435349}. Best is trial 13 with value: 0.4390686422739643.
Best trial: 13. Best value: 0.439069:  32%|███▏      | 19/60 [25:38<54:47, 80.19s/it]Best trial: 13. Best value: 0.439069:  32%|███▏      | 19/60 [25:38<54:47, 80.19s/it]Best trial: 13. Best value: 0.439069:  33%|███▎      | 20/60 [25:38<49:27, 74.18s/it]/home/user/bitoguard-hackathon/bitoguard_core/official/stacking.py:222: RuntimeWarning: invalid value encountered in divide
  f1 = np.where(denom_f > 0, 2.0 * prec * rec / denom_f, 0.0)
/home/user/bitoguard-hackathon/bitoguard_core/official/stacking.py:219: RuntimeWarning: invalid value encountered in divide
  prec = np.where(denom_p > 0, tp / denom_p, 0.0)
                                                                                     [I 2026-03-22 16:39:42,168] Trial 20 finished with value: 0.4312977099236642 and parameters: {'n_estimators': 2500, 'max_depth': 7, 'learning_rate': 0.0513193224467184, 'subsample': 0.7354932857285247, 'colsample_bytree': 0.6667406114786594, 'reg_alpha': 0.0892065057002692, 'reg_lambda': 4.112842147711742, 'min_child_weight': 12.90303725303647}. Best is trial 13 with value: 0.4390686422739643.
Best trial: 13. Best value: 0.439069:  33%|███▎      | 20/60 [26:32<49:27, 74.18s/it]Best trial: 13. Best value: 0.439069:  33%|███▎      | 20/60 [26:32<49:27, 74.18s/it]Best trial: 13. Best value: 0.439069:  35%|███▌      | 21/60 [26:32<44:20, 68.21s/it]/home/user/bitoguard-hackathon/bitoguard_core/official/stacking.py:222: RuntimeWarning: invalid value encountered in divide
  f1 = np.where(denom_f > 0, 2.0 * prec * rec / denom_f, 0.0)
/home/user/bitoguard-hackathon/bitoguard_core/official/stacking.py:219: RuntimeWarning: invalid value encountered in divide
  prec = np.where(denom_p > 0, tp / denom_p, 0.0)
                                                                                     [I 2026-03-22 16:40:38,067] Trial 21 finished with value: 0.4375528615731604 and parameters: {'n_estimators': 1900, 'max_depth': 5, 'learning_rate': 0.03642218921968029, 'subsample': 0.8672588553513447, 'colsample_bytree': 0.7072161663595709, 'reg_alpha': 0.019745206493144568, 'reg_lambda': 2.808193211136023, 'min_child_weight': 8.811507288881145}. Best is trial 13 with value: 0.4390686422739643.
Best trial: 13. Best value: 0.439069:  35%|███▌      | 21/60 [27:28<44:20, 68.21s/it]Best trial: 13. Best value: 0.439069:  35%|███▌      | 21/60 [27:28<44:20, 68.21s/it]Best trial: 13. Best value: 0.439069:  37%|███▋      | 22/60 [27:28<40:51, 64.52s/it]/home/user/bitoguard-hackathon/bitoguard_core/official/stacking.py:222: RuntimeWarning: invalid value encountered in divide
  f1 = np.where(denom_f > 0, 2.0 * prec * rec / denom_f, 0.0)
/home/user/bitoguard-hackathon/bitoguard_core/official/stacking.py:219: RuntimeWarning: invalid value encountered in divide
  prec = np.where(denom_p > 0, tp / denom_p, 0.0)
                                                                                     [I 2026-03-22 16:41:33,241] Trial 22 finished with value: 0.43275167785234897 and parameters: {'n_estimators': 1700, 'max_depth': 5, 'learning_rate': 0.03518869735033593, 'subsample': 0.8433901897134657, 'colsample_bytree': 0.6112673967406381, 'reg_alpha': 0.020259014873137953, 'reg_lambda': 2.5893874851433125, 'min_child_weight': 10.760759230367725}. Best is trial 13 with value: 0.4390686422739643.
Best trial: 13. Best value: 0.439069:  37%|███▋      | 22/60 [28:23<40:51, 64.52s/it]Best trial: 13. Best value: 0.439069:  37%|███▋      | 22/60 [28:23<40:51, 64.52s/it]Best trial: 13. Best value: 0.439069:  38%|███▊      | 23/60 [28:23<38:03, 61.71s/it]/home/user/bitoguard-hackathon/bitoguard_core/official/stacking.py:222: RuntimeWarning: invalid value encountered in divide
  f1 = np.where(denom_f > 0, 2.0 * prec * rec / denom_f, 0.0)
/home/user/bitoguard-hackathon/bitoguard_core/official/stacking.py:219: RuntimeWarning: invalid value encountered in divide
  prec = np.where(denom_p > 0, tp / denom_p, 0.0)
                                                                                     [I 2026-03-22 16:42:44,501] Trial 23 finished with value: 0.4343817787418655 and parameters: {'n_estimators': 2300, 'max_depth': 6, 'learning_rate': 0.02422179315952228, 'subsample': 0.8654720645996934, 'colsample_bytree': 0.7501954420387692, 'reg_alpha': 0.01789201196938156, 'reg_lambda': 5.215561069638232, 'min_child_weight': 7.5706550576461735}. Best is trial 13 with value: 0.4390686422739643.
Best trial: 13. Best value: 0.439069:  38%|███▊      | 23/60 [29:34<38:03, 61.71s/it]Best trial: 13. Best value: 0.439069:  38%|███▊      | 23/60 [29:34<38:03, 61.71s/it]Best trial: 13. Best value: 0.439069:  40%|████      | 24/60 [29:34<38:44, 64.58s/it]/home/user/bitoguard-hackathon/bitoguard_core/official/stacking.py:222: RuntimeWarning: invalid value encountered in divide
  f1 = np.where(denom_f > 0, 2.0 * prec * rec / denom_f, 0.0)
/home/user/bitoguard-hackathon/bitoguard_core/official/stacking.py:219: RuntimeWarning: invalid value encountered in divide
  prec = np.where(denom_p > 0, tp / denom_p, 0.0)
                                                                                     [I 2026-03-22 16:43:43,836] Trial 24 finished with value: 0.42359667359667363 and parameters: {'n_estimators': 1900, 'max_depth': 5, 'learning_rate': 0.014146933002307991, 'subsample': 0.8048407691720013, 'colsample_bytree': 0.7944345290474114, 'reg_alpha': 0.055484758900294626, 'reg_lambda': 2.3605867405506054, 'min_child_weight': 7.905288896004894}. Best is trial 13 with value: 0.4390686422739643.
Best trial: 13. Best value: 0.439069:  40%|████      | 24/60 [30:34<38:44, 64.58s/it]Best trial: 13. Best value: 0.439069:  40%|████      | 24/60 [30:34<38:44, 64.58s/it]Best trial: 13. Best value: 0.439069:  42%|████▏     | 25/60 [30:34<36:45, 63.01s/it]/home/user/bitoguard-hackathon/bitoguard_core/official/stacking.py:222: RuntimeWarning: invalid value encountered in divide
  f1 = np.where(denom_f > 0, 2.0 * prec * rec / denom_f, 0.0)
/home/user/bitoguard-hackathon/bitoguard_core/official/stacking.py:219: RuntimeWarning: invalid value encountered in divide
  prec = np.where(denom_p > 0, tp / denom_p, 0.0)
                                                                                     [I 2026-03-22 16:44:47,461] Trial 25 finished with value: 0.43587546415309913 and parameters: {'n_estimators': 2100, 'max_depth': 6, 'learning_rate': 0.04685561835501309, 'subsample': 0.9204842986977255, 'colsample_bytree': 0.7185089872355755, 'reg_alpha': 0.030848506574552514, 'reg_lambda': 7.906396507042372, 'min_child_weight': 11.650662338020592}. Best is trial 13 with value: 0.4390686422739643.
Best trial: 13. Best value: 0.439069:  42%|████▏     | 25/60 [31:37<36:45, 63.01s/it]Best trial: 13. Best value: 0.439069:  42%|████▏     | 25/60 [31:37<36:45, 63.01s/it]Best trial: 13. Best value: 0.439069:  43%|████▎     | 26/60 [31:37<35:48, 63.19s/it]/home/user/bitoguard-hackathon/bitoguard_core/official/stacking.py:222: RuntimeWarning: invalid value encountered in divide
  f1 = np.where(denom_f > 0, 2.0 * prec * rec / denom_f, 0.0)
/home/user/bitoguard-hackathon/bitoguard_core/official/stacking.py:219: RuntimeWarning: invalid value encountered in divide
  prec = np.where(denom_p > 0, tp / denom_p, 0.0)
                                                                                     [I 2026-03-22 16:46:09,404] Trial 26 finished with value: 0.4217321140398063 and parameters: {'n_estimators': 1300, 'max_depth': 5, 'learning_rate': 0.02790221950320806, 'subsample': 0.9641413896810739, 'colsample_bytree': 0.874944493848353, 'reg_alpha': 0.010150515207226783, 'reg_lambda': 3.9721473478301768, 'min_child_weight': 9.141424675642215}. Best is trial 13 with value: 0.4390686422739643.
Best trial: 13. Best value: 0.439069:  43%|████▎     | 26/60 [32:59<35:48, 63.19s/it]Best trial: 13. Best value: 0.439069:  43%|████▎     | 26/60 [32:59<35:48, 63.19s/it]Best trial: 13. Best value: 0.439069:  45%|████▌     | 27/60 [32:59<37:50, 68.82s/it]/home/user/bitoguard-hackathon/bitoguard_core/official/stacking.py:222: RuntimeWarning: invalid value encountered in divide
  f1 = np.where(denom_f > 0, 2.0 * prec * rec / denom_f, 0.0)
/home/user/bitoguard-hackathon/bitoguard_core/official/stacking.py:219: RuntimeWarning: invalid value encountered in divide
  prec = np.where(denom_p > 0, tp / denom_p, 0.0)
                                                                                     [I 2026-03-22 16:47:22,410] Trial 27 finished with value: 0.43473570658036675 and parameters: {'n_estimators': 2400, 'max_depth': 7, 'learning_rate': 0.06696689992157268, 'subsample': 0.7682104088941054, 'colsample_bytree': 0.7751981019468337, 'reg_alpha': 0.08313404213052544, 'reg_lambda': 4.891217709532661, 'min_child_weight': 10.290724979354636}. Best is trial 13 with value: 0.4390686422739643.
Best trial: 13. Best value: 0.439069:  45%|████▌     | 27/60 [34:12<37:50, 68.82s/it]Best trial: 13. Best value: 0.439069:  45%|████▌     | 27/60 [34:12<37:50, 68.82s/it]Best trial: 13. Best value: 0.439069:  47%|████▋     | 28/60 [34:12<37:22, 70.07s/it]/home/user/bitoguard-hackathon/bitoguard_core/official/stacking.py:222: RuntimeWarning: invalid value encountered in divide
  f1 = np.where(denom_f > 0, 2.0 * prec * rec / denom_f, 0.0)
/home/user/bitoguard-hackathon/bitoguard_core/official/stacking.py:219: RuntimeWarning: invalid value encountered in divide
  prec = np.where(denom_p > 0, tp / denom_p, 0.0)
                                                                                     [I 2026-03-22 16:49:15,361] Trial 28 finished with value: 0.43051201671891326 and parameters: {'n_estimators': 1900, 'max_depth': 6, 'learning_rate': 0.03343048735215363, 'subsample': 0.871035776775381, 'colsample_bytree': 0.6150640525378344, 'reg_alpha': 0.24051190522658475, 'reg_lambda': 10.041771602782939, 'min_child_weight': 13.41620266876522}. Best is trial 13 with value: 0.4390686422739643.
Best trial: 13. Best value: 0.439069:  47%|████▋     | 28/60 [36:05<37:22, 70.07s/it]Best trial: 13. Best value: 0.439069:  47%|████▋     | 28/60 [36:05<37:22, 70.07s/it]Best trial: 13. Best value: 0.439069:  48%|████▊     | 29/60 [36:05<42:51, 82.94s/it]/home/user/bitoguard-hackathon/bitoguard_core/official/stacking.py:222: RuntimeWarning: invalid value encountered in divide
  f1 = np.where(denom_f > 0, 2.0 * prec * rec / denom_f, 0.0)
/home/user/bitoguard-hackathon/bitoguard_core/official/stacking.py:219: RuntimeWarning: invalid value encountered in divide
  prec = np.where(denom_p > 0, tp / denom_p, 0.0)
                                                                                     [I 2026-03-22 16:50:19,940] Trial 29 finished with value: 0.4341736694677871 and parameters: {'n_estimators': 2200, 'max_depth': 5, 'learning_rate': 0.021314751442133004, 'subsample': 0.6460041460136671, 'colsample_bytree': 0.8348060252068183, 'reg_alpha': 0.03414558394244898, 'reg_lambda': 2.3652434308579666, 'min_child_weight': 1.2125995032548982}. Best is trial 13 with value: 0.4390686422739643.
Best trial: 13. Best value: 0.439069:  48%|████▊     | 29/60 [37:10<42:51, 82.94s/it]Best trial: 13. Best value: 0.439069:  48%|████▊     | 29/60 [37:10<42:51, 82.94s/it]Best trial: 13. Best value: 0.439069:  50%|█████     | 30/60 [37:10<38:42, 77.43s/it]/home/user/bitoguard-hackathon/bitoguard_core/official/stacking.py:222: RuntimeWarning: invalid value encountered in divide
  f1 = np.where(denom_f > 0, 2.0 * prec * rec / denom_f, 0.0)
/home/user/bitoguard-hackathon/bitoguard_core/official/stacking.py:219: RuntimeWarning: invalid value encountered in divide
  prec = np.where(denom_p > 0, tp / denom_p, 0.0)
                                                                                     [I 2026-03-22 16:51:13,995] Trial 30 finished with value: 0.43719935863174775 and parameters: {'n_estimators': 1700, 'max_depth': 5, 'learning_rate': 0.04201389944365122, 'subsample': 0.8280766923268768, 'colsample_bytree': 0.9345025280811067, 'reg_alpha': 0.015393360765436178, 'reg_lambda': 6.501928973067076, 'min_child_weight': 8.334259150089837}. Best is trial 13 with value: 0.4390686422739643.
Best trial: 13. Best value: 0.439069:  50%|█████     | 30/60 [38:04<38:42, 77.43s/it]Best trial: 13. Best value: 0.439069:  50%|█████     | 30/60 [38:04<38:42, 77.43s/it]Best trial: 13. Best value: 0.439069:  52%|█████▏    | 31/60 [38:04<34:02, 70.42s/it]/home/user/bitoguard-hackathon/bitoguard_core/official/stacking.py:222: RuntimeWarning: invalid value encountered in divide
  f1 = np.where(denom_f > 0, 2.0 * prec * rec / denom_f, 0.0)
/home/user/bitoguard-hackathon/bitoguard_core/official/stacking.py:219: RuntimeWarning: invalid value encountered in divide
  prec = np.where(denom_p > 0, tp / denom_p, 0.0)
                                                                                     [I 2026-03-22 16:52:07,441] Trial 31 finished with value: 0.4360418342719228 and parameters: {'n_estimators': 1700, 'max_depth': 5, 'learning_rate': 0.043893030426112284, 'subsample': 0.8251079027088675, 'colsample_bytree': 0.9492243304344593, 'reg_alpha': 0.01408377082915798, 'reg_lambda': 6.676296461574513, 'min_child_weight': 8.518226983522878}. Best is trial 13 with value: 0.4390686422739643.
Best trial: 13. Best value: 0.439069:  52%|█████▏    | 31/60 [38:57<34:02, 70.42s/it]Best trial: 13. Best value: 0.439069:  52%|█████▏    | 31/60 [38:57<34:02, 70.42s/it]Best trial: 13. Best value: 0.439069:  53%|█████▎    | 32/60 [38:57<30:29, 65.33s/it]/home/user/bitoguard-hackathon/bitoguard_core/official/stacking.py:222: RuntimeWarning: invalid value encountered in divide
  f1 = np.where(denom_f > 0, 2.0 * prec * rec / denom_f, 0.0)
/home/user/bitoguard-hackathon/bitoguard_core/official/stacking.py:219: RuntimeWarning: invalid value encountered in divide
  prec = np.where(denom_p > 0, tp / denom_p, 0.0)
                                                                                     [I 2026-03-22 16:52:58,916] Trial 32 finished with value: 0.43884273847035227 and parameters: {'n_estimators': 1500, 'max_depth': 5, 'learning_rate': 0.033829009915095506, 'subsample': 0.807072686732135, 'colsample_bytree': 0.8920886840189478, 'reg_alpha': 0.027952750201276588, 'reg_lambda': 1.2161221047247395, 'min_child_weight': 5.9549926410035265}. Best is trial 13 with value: 0.4390686422739643.
Best trial: 13. Best value: 0.439069:  53%|█████▎    | 32/60 [39:49<30:29, 65.33s/it]Best trial: 13. Best value: 0.439069:  53%|█████▎    | 32/60 [39:49<30:29, 65.33s/it]Best trial: 13. Best value: 0.439069:  55%|█████▌    | 33/60 [39:49<27:31, 61.17s/it]/home/user/bitoguard-hackathon/bitoguard_core/official/stacking.py:222: RuntimeWarning: invalid value encountered in divide
  f1 = np.where(denom_f > 0, 2.0 * prec * rec / denom_f, 0.0)
/home/user/bitoguard-hackathon/bitoguard_core/official/stacking.py:219: RuntimeWarning: invalid value encountered in divide
  prec = np.where(denom_p > 0, tp / denom_p, 0.0)
                                                                                     [I 2026-03-22 16:53:51,253] Trial 33 finished with value: 0.44048272078990675 and parameters: {'n_estimators': 1500, 'max_depth': 6, 'learning_rate': 0.05850248975757802, 'subsample': 0.811838746499467, 'colsample_bytree': 0.8805599898510319, 'reg_alpha': 0.06063031218753119, 'reg_lambda': 5.7067845253982235, 'min_child_weight': 5.185198367931386}. Best is trial 33 with value: 0.44048272078990675.
Best trial: 13. Best value: 0.439069:  55%|█████▌    | 33/60 [40:41<27:31, 61.17s/it]Best trial: 33. Best value: 0.440483:  55%|█████▌    | 33/60 [40:41<27:31, 61.17s/it]Best trial: 33. Best value: 0.440483:  57%|█████▋    | 34/60 [40:41<25:21, 58.52s/it]/home/user/bitoguard-hackathon/bitoguard_core/official/stacking.py:222: RuntimeWarning: invalid value encountered in divide
  f1 = np.where(denom_f > 0, 2.0 * prec * rec / denom_f, 0.0)
/home/user/bitoguard-hackathon/bitoguard_core/official/stacking.py:219: RuntimeWarning: invalid value encountered in divide
  prec = np.where(denom_p > 0, tp / denom_p, 0.0)
                                                                                     [I 2026-03-22 16:54:35,741] Trial 34 finished with value: 0.4325618515562649 and parameters: {'n_estimators': 1400, 'max_depth': 7, 'learning_rate': 0.08771598704004424, 'subsample': 0.8024130990465784, 'colsample_bytree': 0.8687381345961767, 'reg_alpha': 0.1706132393805589, 'reg_lambda': 3.3063721470681697, 'min_child_weight': 5.420047597942336}. Best is trial 33 with value: 0.44048272078990675.
Best trial: 33. Best value: 0.440483:  57%|█████▋    | 34/60 [41:25<25:21, 58.52s/it]Best trial: 33. Best value: 0.440483:  57%|█████▋    | 34/60 [41:25<25:21, 58.52s/it]Best trial: 33. Best value: 0.440483:  58%|█████▊    | 35/60 [41:25<22:37, 54.31s/it]/home/user/bitoguard-hackathon/bitoguard_core/official/stacking.py:222: RuntimeWarning: invalid value encountered in divide
  f1 = np.where(denom_f > 0, 2.0 * prec * rec / denom_f, 0.0)
/home/user/bitoguard-hackathon/bitoguard_core/official/stacking.py:219: RuntimeWarning: invalid value encountered in divide
  prec = np.where(denom_p > 0, tp / denom_p, 0.0)
                                                                                     [I 2026-03-22 16:55:27,563] Trial 35 finished with value: 0.43407821229050275 and parameters: {'n_estimators': 1200, 'max_depth': 6, 'learning_rate': 0.05301189615504607, 'subsample': 0.7030372030613756, 'colsample_bytree': 0.9012795610029828, 'reg_alpha': 0.06416957029122405, 'reg_lambda': 4.862049548065835, 'min_child_weight': 6.400294593628516}. Best is trial 33 with value: 0.44048272078990675.
Best trial: 33. Best value: 0.440483:  58%|█████▊    | 35/60 [42:17<22:37, 54.31s/it]Best trial: 33. Best value: 0.440483:  58%|█████▊    | 35/60 [42:17<22:37, 54.31s/it]Best trial: 33. Best value: 0.440483:  60%|██████    | 36/60 [42:17<21:25, 53.56s/it]